This file contains any messages produced by compilers while
running configure, to aid debugging if configure makes a mistake.

It was created by pushpool configure 0.5.1, which was
generated by GNU Autoconf 2.68.  Invocation command line was

  $ ./configure --prefix=/home/chrome/temp/pushpool/../bin/

## --------- ##
## Platform. ##
## --------- ##

hostname = elem-os
uname -m = x86_64
uname -r = 3.2.0-60-generic
uname -s = Linux
uname -v = #91-Ubuntu SMP Wed Feb 19 03:54:44 UTC 2014

/usr/bin/uname -p = unknown
/bin/uname -X     = unknown

/bin/arch              = unknown
/usr/bin/arch -k       = unknown
/usr/convex/getsysinfo = unknown
/usr/bin/hostinfo      = unknown
/bin/machine           = unknown
/usr/bin/oslevel       = unknown
/bin/universe          = unknown

PATH: /home/chrome/.nvm/v0.11.10/bin
PATH: /home/chrome/node_modules/.bin
PATH: /home/chrome/bin
PATH: /usr/local/sbin
PATH: /usr/local/bin
PATH: /usr/sbin
PATH: /usr/bin
PATH: /sbin
PATH: /bin
PATH: /usr/games
PATH: /home/chrome/bin/
PATH: /home/chrome/android-ndk
PATH: /home/chrome/.local/opt/android-ndk
PATH: /home/chrome/.local/opt/android-sdk/platform-tools
PATH: /home/chrome/.local/opt/eclipse


## ----------- ##
## Core tests. ##
## ----------- ##

configure:2289: checking for a BSD-compatible install
configure:2357: result: /usr/bin/install -c
configure:2368: checking whether build environment is sane
configure:2418: result: yes
configure:2559: checking for a thread-safe mkdir -p
configure:2598: result: /bin/mkdir -p
configure:2611: checking for gawk
configure:2641: result: no
configure:2611: checking for mawk
configure:2627: found /usr/bin/mawk
configure:2638: result: mawk
configure:2649: checking whether make sets $(MAKE)
configure:2671: result: yes
configure:2755: checking whether to enable maintainer-specific portions of Makefiles
configure:2764: result: no
configure:2782: checking build system type
configure:2796: result: x86_64-unknown-linux-gnu
configure:2816: checking host system type
configure:2829: result: x86_64-unknown-linux-gnu
configure:2898: checking for gcc
configure:2914: found /usr/bin/gcc
configure:2925: result: gcc
configure:3154: checking for C compiler version
configure:3163: gcc --version >&5
gcc (Ubuntu/Linaro 4.6.3-1ubuntu5) 4.6.3
Copyright (C) 2011 Free Software Foundation, Inc.
This is free software; see the source for copying conditions.  There is NO
warranty; not even for MERCHANTABILITY or FITNESS FOR A PARTICULAR PURPOSE.

configure:3174: $? = 0
configure:3163: gcc -v >&5
Using built-in specs.
COLLECT_GCC=gcc
COLLECT_LTO_WRAPPER=/usr/lib/gcc/x86_64-linux-gnu/4.6/lto-wrapper
Target: x86_64-linux-gnu
Configured with: ../src/configure -v --with-pkgversion='Ubuntu/Linaro 4.6.3-1ubuntu5' --with-bugurl=file:///usr/share/doc/gcc-4.6/README.Bugs --enable-languages=c,c++,fortran,objc,obj-c++ --prefix=/usr --program-suffix=-4.6 --enable-shared --enable-linker-build-id --with-system-zlib --libexecdir=/usr/lib --without-included-gettext --enable-threads=posix --with-gxx-include-dir=/usr/include/c++/4.6 --libdir=/usr/lib --enable-nls --with-sysroot=/ --enable-clocale=gnu --enable-libstdcxx-debug --enable-libstdcxx-time=yes --enable-gnu-unique-object --enable-plugin --enable-objc-gc --disable-werror --with-arch-32=i686 --with-tune=generic --enable-checking=release --build=x86_64-linux-gnu --host=x86_64-linux-gnu --target=x86_64-linux-gnu
Thread model: posix
gcc version 4.6.3 (Ubuntu/Linaro 4.6.3-1ubuntu5) 
configure:3174: $? = 0
configure:3163: gcc -V >&5
gcc: error: unrecognized option '-V'
gcc: fatal error: no input files
compilation terminated.
configure:3174: $? = 4
configure:3163: gcc -qversion >&5
gcc: error: unrecognized option '-qversion'
gcc: fatal error: no input files
compilation terminated.
configure:3174: $? = 4
configure:3194: checking whether the C compiler works
configure:3216: gcc    conftest.c  >&5
configure:3220: $? = 0
configure:3268: result: yes
configure:3271: checking for C compiler default output file name
configure:3273: result: a.out
configure:3279: checking for suffix of executables
configure:3286: gcc -o conftest    conftest.c  >&5
configure:3290: $? = 0
configure:3312: result: 
configure:3334: checking whether we are cross compiling
configure:3342: gcc -o conftest    conftest.c  >&5
configure:3346: $? = 0
configure:3353: ./conftest
configure:3357: $? = 0
configure:3372: result: no
configure:3377: checking for suffix of object files
configure:3399: gcc -c   conftest.c >&5
configure:3403: $? = 0
configure:3424: result: o
configure:3428: checking whether we are using the GNU C compiler
configure:3447: gcc -c   conftest.c >&5
configure:3447: $? = 0
configure:3456: result: yes
configure:3465: checking whether gcc accepts -g
configure:3485: gcc -c -g  conftest.c >&5
configure:3485: $? = 0
configure:3526: result: yes
configure:3543: checking for gcc option to accept ISO C89
configure:3607: gcc  -c -g -O2  conftest.c >&5
configure:3607: $? = 0
configure:3620: result: none needed
configure:3651: checking for style of include used by make
configure:3679: result: GNU
configure:3705: checking dependency style of gcc
configure:3816: result: gcc3
configure:3837: checking how to run the C preprocessor
configure:3868: gcc -E  conftest.c
configure:3868: $? = 0
configure:3882: gcc -E  conftest.c
conftest.c:11:28: fatal error: ac_nonexistent.h: No such file or directory
compilation terminated.
configure:3882: $? = 1
configure: failed program was:
| /* confdefs.h */
| #define PACKAGE_NAME "pushpool"
| #define PACKAGE_TARNAME "pushpool"
| #define PACKAGE_VERSION "0.5.1"
| #define PACKAGE_STRING "pushpool 0.5.1"
| #define PACKAGE_BUGREPORT ""
| #define PACKAGE_URL ""
| #define PACKAGE "pushpool"
| #define VERSION "0.5.1"
| /* end confdefs.h.  */
| #include <ac_nonexistent.h>
configure:3907: result: gcc -E
configure:3927: gcc -E  conftest.c
configure:3927: $? = 0
configure:3941: gcc -E  conftest.c
conftest.c:11:28: fatal error: ac_nonexistent.h: No such file or directory
compilation terminated.
configure:3941: $? = 1
configure: failed program was:
| /* confdefs.h */
| #define PACKAGE_NAME "pushpool"
| #define PACKAGE_TARNAME "pushpool"
| #define PACKAGE_VERSION "0.5.1"
| #define PACKAGE_STRING "pushpool 0.5.1"
| #define PACKAGE_BUGREPORT ""
| #define PACKAGE_URL ""
| #define PACKAGE "pushpool"
| #define VERSION "0.5.1"
| /* end confdefs.h.  */
| #include <ac_nonexistent.h>
configure:3970: checking for grep that handles long lines and -e
configure:4028: result: /bin/grep
configure:4033: checking for egrep
configure:4095: result: /bin/grep -E
configure:4101: checking whether gcc needs -traditional
configure:4135: result: no
configure:4143: checking whether gcc and cc understand -c and -o together
configure:4174: gcc -c conftest.c -o conftest2.o >&5
configure:4178: $? = 0
configure:4184: gcc -c conftest.c -o conftest2.o >&5
configure:4188: $? = 0
configure:4199: cc -c conftest.c >&5
configure:4203: $? = 0
configure:4211: cc -c conftest.c -o conftest2.o >&5
configure:4215: $? = 0
configure:4221: cc -c conftest.c -o conftest2.o >&5
configure:4225: $? = 0
configure:4243: result: yes
configure:4311: checking for ranlib
configure:4327: found /usr/bin/ranlib
configure:4338: result: ranlib
configure:4361: checking for ANSI C header files
configure:4381: gcc -c -g -O2  conftest.c >&5
configure:4381: $? = 0
configure:4454: gcc -o conftest -g -O2   conftest.c  >&5
configure:4454: $? = 0
configure:4454: ./conftest
configure:4454: $? = 0
configure:4465: result: yes
configure:4478: checking for sys/types.h
configure:4478: gcc -c -g -O2  conftest.c >&5
configure:4478: $? = 0
configure:4478: result: yes
configure:4478: checking for sys/stat.h
configure:4478: gcc -c -g -O2  conftest.c >&5
configure:4478: $? = 0
configure:4478: result: yes
configure:4478: checking for stdlib.h
configure:4478: gcc -c -g -O2  conftest.c >&5
configure:4478: $? = 0
configure:4478: result: yes
configure:4478: checking for string.h
configure:4478: gcc -c -g -O2  conftest.c >&5
configure:4478: $? = 0
configure:4478: result: yes
configure:4478: checking for memory.h
configure:4478: gcc -c -g -O2  conftest.c >&5
configure:4478: $? = 0
configure:4478: result: yes
configure:4478: checking for strings.h
configure:4478: gcc -c -g -O2  conftest.c >&5
configure:4478: $? = 0
configure:4478: result: yes
configure:4478: checking for inttypes.h
configure:4478: gcc -c -g -O2  conftest.c >&5
configure:4478: $? = 0
configure:4478: result: yes
configure:4478: checking for stdint.h
configure:4478: gcc -c -g -O2  conftest.c >&5
configure:4478: $? = 0
configure:4478: result: yes
configure:4478: checking for unistd.h
configure:4478: gcc -c -g -O2  conftest.c >&5
configure:4478: $? = 0
configure:4478: result: yes
configure:4493: checking endian.h usability
configure:4493: gcc -c -g -O2  conftest.c >&5
configure:4493: $? = 0
configure:4493: result: yes
configure:4493: checking endian.h presence
configure:4493: gcc -E  conftest.c
configure:4493: $? = 0
configure:4493: result: yes
configure:4493: checking for endian.h
configure:4493: result: yes
configure:4493: checking sys/endian.h usability
configure:4493: gcc -c -g -O2  conftest.c >&5
conftest.c:55:24: fatal error: sys/endian.h: No such file or directory
compilation terminated.
configure:4493: $? = 1
configure: failed program was:
| /* confdefs.h */
| #define PACKAGE_NAME "pushpool"
| #define PACKAGE_TARNAME "pushpool"
| #define PACKAGE_VERSION "0.5.1"
| #define PACKAGE_STRING "pushpool 0.5.1"
| #define PACKAGE_BUGREPORT ""
| #define PACKAGE_URL ""
| #define PACKAGE "pushpool"
| #define VERSION "0.5.1"
| #define STDC_HEADERS 1
| #define HAVE_SYS_TYPES_H 1
| #define HAVE_SYS_STAT_H 1
| #define HAVE_STDLIB_H 1
| #define HAVE_STRING_H 1
| #define HAVE_MEMORY_H 1
| #define HAVE_STRINGS_H 1
| #define HAVE_INTTYPES_H 1
| #define HAVE_STDINT_H 1
| #define HAVE_UNISTD_H 1
| #define HAVE_ENDIAN_H 1
| /* end confdefs.h.  */
| #include <stdio.h>
| #ifdef HAVE_SYS_TYPES_H
| # include <sys/types.h>
| #endif
| #ifdef HAVE_SYS_STAT_H
| # include <sys/stat.h>
| #endif
| #ifdef STDC_HEADERS
| # include <stdlib.h>
| # include <stddef.h>
| #else
| # ifdef HAVE_STDLIB_H
| #  include <stdlib.h>
| # endif
| #endif
| #ifdef HAVE_STRING_H
| # if !defined STDC_HEADERS && defined HAVE_MEMORY_H
| #  include <memory.h>
| # endif
| # include <string.h>
| #endif
| #ifdef HAVE_STRINGS_H
| # include <strings.h>
| #endif
| #ifdef HAVE_INTTYPES_H
| # include <inttypes.h>
| #endif
| #ifdef HAVE_STDINT_H
| # include <stdint.h>
| #endif
| #ifdef HAVE_UNISTD_H
| # include <unistd.h>
| #endif
| #include <sys/endian.h>
configure:4493: result: no
configure:4493: checking sys/endian.h presence
configure:4493: gcc -E  conftest.c
conftest.c:22:24: fatal error: sys/endian.h: No such file or directory
compilation terminated.
configure:4493: $? = 1
configure: failed program was:
| /* confdefs.h */
| #define PACKAGE_NAME "pushpool"
| #define PACKAGE_TARNAME "pushpool"
| #define PACKAGE_VERSION "0.5.1"
| #define PACKAGE_STRING "pushpool 0.5.1"
| #define PACKAGE_BUGREPORT ""
| #define PACKAGE_URL ""
| #define PACKAGE "pushpool"
| #define VERSION "0.5.1"
| #define STDC_HEADERS 1
| #define HAVE_SYS_TYPES_H 1
| #define HAVE_SYS_STAT_H 1
| #define HAVE_STDLIB_H 1
| #define HAVE_STRING_H 1
| #define HAVE_MEMORY_H 1
| #define HAVE_STRINGS_H 1
| #define HAVE_INTTYPES_H 1
| #define HAVE_STDINT_H 1
| #define HAVE_UNISTD_H 1
| #define HAVE_ENDIAN_H 1
| /* end confdefs.h.  */
| #include <sys/endian.h>
configure:4493: result: no
configure:4493: checking for sys/endian.h
configure:4493: result: no
configure:4515: checking for event_base_new in -levent
configure:4540: gcc -o conftest -g -O2   conftest.c -levent   >&5
/usr/bin/ld: cannot find -levent
collect2: ld returned 1 exit status
configure:4540: $? = 1
configure: failed program was:
| /* confdefs.h */
| #define PACKAGE_NAME "pushpool"
| #define PACKAGE_TARNAME "pushpool"
| #define PACKAGE_VERSION "0.5.1"
| #define PACKAGE_STRING "pushpool 0.5.1"
| #define PACKAGE_BUGREPORT ""
| #define PACKAGE_URL ""
| #define PACKAGE "pushpool"
| #define VERSION "0.5.1"
| #define STDC_HEADERS 1
| #define HAVE_SYS_TYPES_H 1
| #define HAVE_SYS_STAT_H 1
| #define HAVE_STDLIB_H 1
| #define HAVE_STRING_H 1
| #define HAVE_MEMORY_H 1
| #define HAVE_STRINGS_H 1
| #define HAVE_INTTYPES_H 1
| #define HAVE_STDINT_H 1
| #define HAVE_UNISTD_H 1
| #define HAVE_ENDIAN_H 1
| /* end confdefs.h.  */
| 
| /* Override any GCC internal prototype to avoid an error.
|    Use char because int might match the return type of a GCC
|    builtin and then its argument prototype would still apply.  */
| #ifdef __cplusplus
| extern "C"
| #endif
| char event_base_new ();
| int
| main ()
| {
| return event_base_new ();
|   ;
|   return 0;
| }
configure:4549: result: no
configure:4554: error: Missing required libevent

## ---------------- ##
## Cache variables. ##
## ---------------- ##

ac_cv_build=x86_64-unknown-linux-gnu
ac_cv_c_compiler_gnu=yes
ac_cv_env_CCC_set=
ac_cv_env_CCC_value=
ac_cv_env_CC_set=
ac_cv_env_CC_value=
ac_cv_env_CFLAGS_set=
ac_cv_env_CFLAGS_value=
ac_cv_env_CPPFLAGS_set=
ac_cv_env_CPPFLAGS_value=
ac_cv_env_CPP_set=
ac_cv_env_CPP_value=
ac_cv_env_CXXFLAGS_set=
ac_cv_env_CXXFLAGS_value=
ac_cv_env_CXX_set=
ac_cv_env_CXX_value=
ac_cv_env_LDFLAGS_set=
ac_cv_env_LDFLAGS_value=
ac_cv_env_LIBS_set=
ac_cv_env_LIBS_value=
ac_cv_env_MYSQL_CONFIG_set=
ac_cv_env_MYSQL_CONFIG_value=
ac_cv_env_PKG_CONFIG_LIBDIR_set=
ac_cv_env_PKG_CONFIG_LIBDIR_value=
ac_cv_env_PKG_CONFIG_PATH_set=
ac_cv_env_PKG_CONFIG_PATH_value=
ac_cv_env_PKG_CONFIG_set=
ac_cv_env_PKG_CONFIG_value=
ac_cv_env_PYTHON_set=
ac_cv_env_PYTHON_value=
ac_cv_env_build_alias_set=
ac_cv_env_build_alias_value=
ac_cv_env_host_alias_set=
ac_cv_env_host_alias_value=
ac_cv_env_target_alias_set=
ac_cv_env_target_alias_value=
ac_cv_header_endian_h=yes
ac_cv_header_inttypes_h=yes
ac_cv_header_memory_h=yes
ac_cv_header_stdc=yes
ac_cv_header_stdint_h=yes
ac_cv_header_stdlib_h=yes
ac_cv_header_string_h=yes
ac_cv_header_strings_h=yes
ac_cv_header_sys_endian_h=no
ac_cv_header_sys_stat_h=yes
ac_cv_header_sys_types_h=yes
ac_cv_header_unistd_h=yes
ac_cv_host=x86_64-unknown-linux-gnu
ac_cv_lib_event_event_base_new=no
ac_cv_objext=o
ac_cv_path_EGREP='/bin/grep -E'
ac_cv_path_GREP=/bin/grep
ac_cv_path_install='/usr/bin/install -c'
ac_cv_path_mkdir=/bin/mkdir
ac_cv_prog_AWK=mawk
ac_cv_prog_CPP='gcc -E'
ac_cv_prog_ac_ct_CC=gcc
ac_cv_prog_ac_ct_RANLIB=ranlib
ac_cv_prog_cc_c89=
ac_cv_prog_cc_g=yes
ac_cv_prog_cc_gcc_c_o=yes
ac_cv_prog_gcc_traditional=no
ac_cv_prog_make_make_set=yes
am_cv_CC_dependencies_compiler_type=gcc3

## ----------------- ##
## Output variables. ##
## ----------------- ##

ACLOCAL='${SHELL} /home/chrome/temp/pushpool/missing --run aclocal-1.11'
AMDEPBACKSLASH='\'
AMDEP_FALSE='#'
AMDEP_TRUE=''
AMTAR='$${TAR-tar}'
ARGP_LIBS=''
AUTOCONF='${SHELL} /home/chrome/temp/pushpool/missing --run autoconf'
AUTOHEADER='${SHELL} /home/chrome/temp/pushpool/missing --run autoheader'
AUTOMAKE='${SHELL} /home/chrome/temp/pushpool/missing --run automake-1.11'
AWK='mawk'
CC='gcc'
CCDEPMODE='depmode=gcc3'
CFLAGS='-g -O2'
CPP='gcc -E'
CPPFLAGS=''
CRYPTO_LIBS=''
CXX=''
CXXDEPMODE=''
CXXFLAGS=''
CYGPATH_W='echo'
DEFS=''
DEPDIR='.deps'
ECHO_C=''
ECHO_N='-n'
ECHO_T=''
EGREP='/bin/grep -E'
EVENT_LIBS=''
EXEEXT=''
GREP='/bin/grep'
INSTALL_DATA='${INSTALL} -m 644'
INSTALL_PROGRAM='${INSTALL}'
INSTALL_SCRIPT='${INSTALL}'
INSTALL_STRIP_PROGRAM='$(install_sh) -c -s'
JANSSON_LIBS=''
LDFLAGS=''
LIBCURL=''
LIBCURL_CPPFLAGS=''
LIBMEMCACHED_LIBS=''
LIBOBJS=''
LIBS=''
LTLIBOBJS=''
MAINT='#'
MAINTAINER_MODE_FALSE=''
MAINTAINER_MODE_TRUE='#'
MAKEINFO='${SHELL} /home/chrome/temp/pushpool/missing --run makeinfo'
MKDIR_P='/bin/mkdir -p'
MYSQL_CFLAGS=''
MYSQL_CONFIG=''
MYSQL_LDFLAGS=''
MYSQL_VERSION=''
OBJEXT='o'
PACKAGE='pushpool'
PACKAGE_BUGREPORT=''
PACKAGE_NAME='pushpool'
PACKAGE_STRING='pushpool 0.5.1'
PACKAGE_TARNAME='pushpool'
PACKAGE_URL=''
PACKAGE_VERSION='0.5.1'
PATH_SEPARATOR=':'
PG_CONFIG=''
PKG_CONFIG=''
PKG_CONFIG_LIBDIR=''
PKG_CONFIG_PATH=''
POSTGRESQL_CFLAGS=''
POSTGRESQL_LDFLAGS=''
POSTGRESQL_VERSION=''
PTHREAD_FLAGS='-pthread'
PTHREAD_LIBS=''
PYTHON=''
PYTHON_EXEC_PREFIX=''
PYTHON_PLATFORM=''
PYTHON_PREFIX=''
PYTHON_VERSION=''
RANLIB='ranlib'
SET_MAKE=''
SHELL='/bin/bash'
SQLITE3_CFLAGS=''
SQLITE3_LDFLAGS=''
SQLITE3_LIBS=''
SQLITE3_VERSION=''
STRIP=''
VERSION='0.5.1'
Z_LIBS=''
_libcurl_config=''
ac_ct_CC='gcc'
ac_ct_CXX=''
am__EXEEXT_FALSE=''
am__EXEEXT_TRUE=''
am__fastdepCC_FALSE='#'
am__fastdepCC_TRUE=''
am__fastdepCXX_FALSE=''
am__fastdepCXX_TRUE=''
am__include='include'
am__isrc=''
am__leading_dot='.'
am__nodep='_no'
am__quote=''
am__tar='$${TAR-tar} chof - "$$tardir"'
am__untar='$${TAR-tar} xf -'
bindir='${exec_prefix}/bin'
build='x86_64-unknown-linux-gnu'
build_alias=''
build_cpu='x86_64'
build_os='linux-gnu'
build_vendor='unknown'
datadir='${datarootdir}'
datarootdir='${prefix}/share'
docdir='${datarootdir}/doc/${PACKAGE_TARNAME}'
dvidir='${docdir}'
exec_prefix='NONE'
host='x86_64-unknown-linux-gnu'
host_alias=''
host_cpu='x86_64'
host_os='linux-gnu'
host_vendor='unknown'
htmldir='${docdir}'
includedir='${prefix}/include'
infodir='${datarootdir}/info'
install_sh='${SHELL} /home/chrome/temp/pushpool/install-sh'
libdir='${exec_prefix}/lib'
libexecdir='${exec_prefix}/libexec'
localedir='${datarootdir}/locale'
localstatedir='${prefix}/var'
mandir='${datarootdir}/man'
mkdir_p='/bin/mkdir -p'
oldincludedir='/usr/include'
pdfdir='${docdir}'
pkgpyexecdir=''
pkgpythondir=''
prefix='/home/chrome/temp/pushpool/../bin'
program_transform_name='s,x,x,'
psdir='${docdir}'
pyexecdir=''
pythondir=''
sbindir='${exec_prefix}/sbin'
sharedstatedir='${prefix}/com'
sysconfdir='${prefix}/etc'
target_alias=''

## ----------- ##
## confdefs.h. ##
## ----------- ##

/* confdefs.h */
#define PACKAGE_NAME "pushpool"
#define PACKAGE_TARNAME "pushpool"
#define PACKAGE_VERSION "0.5.1"
#define PACKAGE_STRING "pushpool 0.5.1"
#define PACKAGE_BUGREPORT ""
#define PACKAGE_URL ""
#define PACKAGE "pushpool"
#define VERSION "0.5.1"
#define STDC_HEADERS 1
#define HAVE_SYS_TYPES_H 1
#define HAVE_SYS_STAT_H 1
#define HAVE_STDLIB_H 1
#define HAVE_STRING_H 1
#define HAVE_MEMORY_H 1
#define HAVE_STRINGS_H 1
#define HAVE_INTTYPES_H 1
#define HAVE_STDINT_H 1
#define HAVE_UNISTD_H 1
#define HAVE_ENDIAN_H 1

configure: exit 1
